<?xml version="1.0" encoding="UTF-8"?>
<!-- Generated by org.testng.reporters.JUnitReportReporter -->
<testsuite hostname="DESKTOP-E6DDM8A" failures="0" tests="3" name="Employee_Tracking.selenium_employee.App" time="154.216" errors="0" timestamp="2021-11-24T14:58:17 IST" skipped="0">
  <testcase classname="Employee_Tracking.selenium_employee.App" name="AddUserAuthenticationTest" time="3.232"/>
  <system-out/>
  <testcase classname="Employee_Tracking.selenium_employee.App" name="AddEmployeeinformationTest" time="4.405"/>
  <system-out/>
  <testcase classname="Employee_Tracking.selenium_employee.App" name="AddEmployeeActivityTest" time="146.579"/>
  <system-out/>
</testsuite> <!-- Employee_Tracking.selenium_employee.App -->
